<?xml version="1.0" encoding="UTF-8"?>
<!-- Generated by org.testng.reporters.JUnitXMLReporter -->
<testsuite ignored="0" hostname="Dev-PF4KL728" failures="1" tests="9" name="Open Cart E2E" time="99.364" errors="0" timestamp="2026-09-16T08:53:38 IST">
  <testcase classname="openCartTestCases.TC_001_AccountRegistrationTest" name="verify_account_registration" time="3.531"/>
  <testcase classname="openCartTestCases.TC_002_LoginTest" name="verify_Login" time="3.62"/>
  <testcase classname="openCartTestCases.TC_003_LoginDataDrivenTest" name="verify_Login_TDD" time="1.979"/>
  <testcase classname="openCartTestCases.TC_003_LoginDataDrivenTest" name="verify_Login_TDD" time="10.479">
    <failure type="java.lang.AssertionError" message="expected [true] but found [false]">
      <![CDATA[java.lang.AssertionError: expected [true] but found [false]
at openCartTestCases.TC_003_LoginDataDrivenTest.verify_Login_TDD(TC_003_LoginDataDrivenTest.java:31)
at java.base/java.util.ArrayList.forEach(ArrayList.java:1596)
... Removed 33 stack frames]]>
    </failure>
  </testcase> <!-- verify_Login_TDD -->
  <testcase classname="openCartTestCases.TC_003_LoginDataDrivenTest" name="verify_Login_TDD" time="2.159"/>
  <testcase classname="openCartTestCases.TC_004_EditMyAccount_Test" name="EditMyAccount" time="4.155"/>
  <testcase classname="openCartTestCases.TC_005_ChangeAccountPassword_Test" name="ChangeAccountPassword" time="5.479"/>
  <testcase classname="openCartTestCases.TC_006_Add_Address_Test" name="Add_Address" time="3.351"/>
  <testcase classname="openCartTestCases.TC_007_Edit_Address_Test" name="Edit_Address" time="26.724"/>
</testsuite> <!-- Open Cart E2E -->
