<?xml version="1.0" encoding="UTF-8"?>
<!-- Generated by org.testng.reporters.JUnitXMLReporter -->
<testsuite ignored="1" hostname="AakashGanga" failures="0" tests="6" name="Open_Cart_E2E" time="57.345" errors="0" timestamp="2026-09-14T09:45:51 IST">
  <testcase classname="openCartTestCases.TC_001_AccountRegistrationTest" name="verify_account_registration" time="1.717"/>
  <testcase classname="openCartTestCases.TC_002_LoginTest" name="verify_Login" time="6.796"/>
  <testcase classname="openCartTestCases.TC_004_EditMyAccount_Test" name="EditMyAccount" time="3.709"/>
  <testcase classname="openCartTestCases.TC_005_ChangeAccountPassword_Test" name="ChangeAccountPassword" time="4.741"/>
  <testcase classname="openCartTestCases.TC_006_Add_Address_Test" name="Add_Address" time="3.32"/>
  <testcase classname="openCartTestCases.TC_007_Edit_Address_Test" name="Edit_Address" time="25.193"/>
  <testcase classname="openCartTestCases.TC_003_LoginDataDrivenTest" name="verify_Login_TDD" time="0.0">
    <ignored/>
  </testcase> <!-- verify_Login_TDD -->
</testsuite> <!-- Open_Cart_E2E -->
