<?xml version="1.0" encoding="UTF-8"?>
<!-- Generated by org.testng.reporters.JUnitXMLReporter -->
<testsuite ignored="0" hostname="AakashGanga" failures="3" tests="11" name="Open Cart E2E" time="94.657" errors="0" timestamp="2026-09-14T09:17:06 IST">
  <testcase classname="openCartTestCases.TC_001_AccountRegistrationTest" name="verify_account_registration" time="2.927"/>
  <testcase classname="openCartTestCases.TC_002_LoginTest" name="verify_Login" time="2.82"/>
  <testcase classname="openCartTestCases.TC_003_LoginDataDrivenTest" name="verify_Login_TDD" time="1.955"/>
  <testcase classname="openCartTestCases.TC_003_LoginDataDrivenTest" name="verify_Login_TDD" time="10.435">
    <failure type="java.lang.AssertionError" message="expected [true] but found [false]">
      <![CDATA[java.lang.AssertionError: expected [true] but found [false]
at openCartTestCases.TC_003_LoginDataDrivenTest.verify_Login_TDD(TC_003_LoginDataDrivenTest.java:31)
at java.base/java.util.ArrayList.forEach(ArrayList.java:1604)
... Removed 29 stack frames]]>
    </failure>
  </testcase> <!-- verify_Login_TDD -->
  <testcase classname="openCartTestCases.TC_003_LoginDataDrivenTest" name="verify_Login_TDD" time="10.474">
    <failure type="java.lang.AssertionError" message="expected [true] but found [false]">
      <![CDATA[java.lang.AssertionError: expected [true] but found [false]
at openCartTestCases.TC_003_LoginDataDrivenTest.verify_Login_TDD(TC_003_LoginDataDrivenTest.java:31)
at java.base/java.util.ArrayList.forEach(ArrayList.java:1604)
... Removed 29 stack frames]]>
    </failure>
  </testcase> <!-- verify_Login_TDD -->
  <testcase classname="openCartTestCases.TC_003_LoginDataDrivenTest" name="verify_Login_TDD" time="10.653">
    <failure type="java.lang.AssertionError" message="expected [true] but found [false]">
      <![CDATA[java.lang.AssertionError: expected [true] but found [false]
at openCartTestCases.TC_003_LoginDataDrivenTest.verify_Login_TDD(TC_003_LoginDataDrivenTest.java:31)
at java.base/java.util.ArrayList.forEach(ArrayList.java:1604)
... Removed 29 stack frames]]>
    </failure>
  </testcase> <!-- verify_Login_TDD -->
  <testcase classname="openCartTestCases.TC_003_LoginDataDrivenTest" name="verify_Login_TDD" time="2.291"/>
  <testcase classname="openCartTestCases.TC_004_EditMyAccount_Test" name="EditMyAccount" time="3.852"/>
  <testcase classname="openCartTestCases.TC_005_ChangeAccountPassword_Test" name="ChangeAccountPassword" time="4.354"/>
  <testcase classname="openCartTestCases.TC_006_Add_Address_Test" name="Add_Address" time="3.167"/>
  <testcase classname="openCartTestCases.TC_007_Edit_Address_Test" name="Edit_Address" time="25.747"/>
</testsuite> <!-- Open Cart E2E -->
