<?xml version="1.0" encoding="UTF-8"?>
<!-- Generated by org.testng.reporters.JUnitXMLReporter -->
<testsuite ignored="0" hostname="Dev-PF4KL728" failures="1" tests="10" name="Open Cart E2E" time="98.491" errors="0" timestamp="2026-09-16T09:49:40 IST">
  <testcase classname="openCartTestCases.TC_001_AccountRegistrationTest" name="verify_account_registration" time="2.719"/>
  <testcase classname="openCartTestCases.TC_002_LoginTest" name="verify_Login" time="3.015"/>
  <testcase classname="openCartTestCases.TC_003_LoginDataDrivenTest" name="verify_Login_TDD" time="1.939"/>
  <testcase classname="openCartTestCases.TC_003_LoginDataDrivenTest" name="verify_Login_TDD" time="11.17">
    <failure type="java.lang.AssertionError" message="expected [true] but found [false]">
      <![CDATA[java.lang.AssertionError: expected [true] but found [false]
at openCartTestCases.TC_003_LoginDataDrivenTest.verify_Login_TDD(TC_003_LoginDataDrivenTest.java:31)
at java.base/java.util.ArrayList.forEach(ArrayList.java:1596)
... Removed 29 stack frames]]>
    </failure>
  </testcase> <!-- verify_Login_TDD -->
  <testcase classname="openCartTestCases.TC_003_LoginDataDrivenTest" name="verify_Login_TDD" time="2.069"/>
  <testcase classname="openCartTestCases.TC_004_EditMyAccount_Test" name="EditMyAccount" time="3.614"/>
  <testcase classname="openCartTestCases.TC_005_ChangeAccountPassword_Test" name="ChangeAccountPassword" time="4.478"/>
  <testcase classname="openCartTestCases.TC_006_Add_Address_Test" name="Add_Address" time="3.546"/>
  <testcase classname="openCartTestCases.TC_007_Edit_Address_Test" name="Edit_Address" time="26.129"/>
  <testcase classname="openCartTestCases.TC_008_Delete_Address_Test" name="Edit_Address" time="14.596"/>
</testsuite> <!-- Open Cart E2E -->
