<?xml version="1.0" encoding="UTF-8"?>
<testng-results ignored="0" total="10" passed="9" failed="1" skipped="0">
  <reporter-output>
  </reporter-output>
  <suite started-at="2026-09-16T10:00:29 IST" name="Master Suite" finished-at="2026-09-16T10:02:14 IST" duration-ms="105133">
    <groups>
      <group name="Master">
        <method signature="TC_001_AccountRegistrationTest.verify_account_registration()[pri:0, instance:openCartTestCases.TC_001_AccountRegistrationTest@1603cd68]" name="verify_account_registration" class="openCartTestCases.TC_001_AccountRegistrationTest"/>
        <method signature="TC_002_LoginTest.verify_Login()[pri:0, instance:openCartTestCases.TC_002_LoginTest@332796d3]" name="verify_Login" class="openCartTestCases.TC_002_LoginTest"/>
        <method signature="TC_004_EditMyAccount_Test.EditMyAccount()[pri:0, instance:openCartTestCases.TC_004_EditMyAccount_Test@3cdf2c61]" name="EditMyAccount" class="openCartTestCases.TC_004_EditMyAccount_Test"/>
        <method signature="TC_005_ChangeAccountPassword_Test.ChangeAccountPassword()[pri:0, instance:openCartTestCases.TC_005_ChangeAccountPassword_Test@13ad5cd3]" name="ChangeAccountPassword" class="openCartTestCases.TC_005_ChangeAccountPassword_Test"/>
        <method signature="TC_006_Add_Address_Test.Add_Address()[pri:0, instance:openCartTestCases.TC_006_Add_Address_Test@1c33c17b]" name="Add_Address" class="openCartTestCases.TC_006_Add_Address_Test"/>
        <method signature="TC_007_Edit_Address_Test.Edit_Address()[pri:0, instance:openCartTestCases.TC_007_Edit_Address_Test@5bf0fe62]" name="Edit_Address" class="openCartTestCases.TC_007_Edit_Address_Test"/>
        <method signature="TC_008_Delete_Address_Test.Edit_Address()[pri:0, instance:openCartTestCases.TC_008_Delete_Address_Test@1e097d59]" name="Edit_Address" class="openCartTestCases.TC_008_Delete_Address_Test"/>
      </group> <!-- Master -->
      <group name="Sanity">
        <method signature="TC_002_LoginTest.verify_Login()[pri:0, instance:openCartTestCases.TC_002_LoginTest@332796d3]" name="verify_Login" class="openCartTestCases.TC_002_LoginTest"/>
        <method signature="TC_004_EditMyAccount_Test.EditMyAccount()[pri:0, instance:openCartTestCases.TC_004_EditMyAccount_Test@3cdf2c61]" name="EditMyAccount" class="openCartTestCases.TC_004_EditMyAccount_Test"/>
        <method signature="TC_005_ChangeAccountPassword_Test.ChangeAccountPassword()[pri:0, instance:openCartTestCases.TC_005_ChangeAccountPassword_Test@13ad5cd3]" name="ChangeAccountPassword" class="openCartTestCases.TC_005_ChangeAccountPassword_Test"/>
        <method signature="TC_006_Add_Address_Test.Add_Address()[pri:0, instance:openCartTestCases.TC_006_Add_Address_Test@1c33c17b]" name="Add_Address" class="openCartTestCases.TC_006_Add_Address_Test"/>
        <method signature="TC_007_Edit_Address_Test.Edit_Address()[pri:0, instance:openCartTestCases.TC_007_Edit_Address_Test@5bf0fe62]" name="Edit_Address" class="openCartTestCases.TC_007_Edit_Address_Test"/>
        <method signature="TC_008_Delete_Address_Test.Edit_Address()[pri:0, instance:openCartTestCases.TC_008_Delete_Address_Test@1e097d59]" name="Edit_Address" class="openCartTestCases.TC_008_Delete_Address_Test"/>
      </group> <!-- Sanity -->
      <group name="DataDriven">
        <method signature="TC_003_LoginDataDrivenTest.verify_Login_TDD(java.lang.String,java.lang.String,java.lang.String)[pri:0, instance:openCartTestCases.TC_003_LoginDataDrivenTest@4f0100a7]" name="verify_Login_TDD" class="openCartTestCases.TC_003_LoginDataDrivenTest"/>
      </group> <!-- DataDriven -->
      <group name="Regression">
        <method signature="TC_001_AccountRegistrationTest.verify_account_registration()[pri:0, instance:openCartTestCases.TC_001_AccountRegistrationTest@1603cd68]" name="verify_account_registration" class="openCartTestCases.TC_001_AccountRegistrationTest"/>
      </group> <!-- Regression -->
    </groups>
    <test started-at="2026-09-16T10:00:29 IST" name="Open Cart E2E" finished-at="2026-09-16T10:02:14 IST" duration-ms="105133">
      <class name="openCartTestCases.TC_008_Delete_Address_Test">
        <test-method is-config="true" signature="setup(java.lang.String)[pri:0, instance:openCartTestCases.TC_008_Delete_Address_Test@1e097d59]" started-at="2026-09-16T10:01:56 IST" name="setup" finished-at="2026-09-16T10:01:59 IST" duration-ms="2900" status="PASS">
          <params>
            <param index="0">
              <value>
                <![CDATA[Chrome]]>
              </value>
            </param>
          </params>
          <reporter-output>
          </reporter-output>
        </test-method> <!-- setup -->
        <test-method signature="Edit_Address()[pri:0, instance:openCartTestCases.TC_008_Delete_Address_Test@1e097d59]" started-at="2026-09-16T10:01:59 IST" name="Edit_Address" finished-at="2026-09-16T10:02:13 IST" duration-ms="14715" status="PASS">
          <reporter-output>
          </reporter-output>
        </test-method> <!-- Edit_Address -->
        <test-method is-config="true" signature="tearDown()[pri:0, instance:openCartTestCases.TC_008_Delete_Address_Test@1e097d59]" started-at="2026-09-16T10:02:13 IST" name="tearDown" finished-at="2026-09-16T10:02:14 IST" duration-ms="248" status="PASS">
          <reporter-output>
          </reporter-output>
        </test-method> <!-- tearDown -->
      </class> <!-- openCartTestCases.TC_008_Delete_Address_Test -->
      <class name="openCartTestCases.TC_004_EditMyAccount_Test">
        <test-method is-config="true" signature="setup(java.lang.String)[pri:0, instance:openCartTestCases.TC_004_EditMyAccount_Test@3cdf2c61]" started-at="2026-09-16T10:01:00 IST" name="setup" finished-at="2026-09-16T10:01:05 IST" duration-ms="4895" status="PASS">
          <params>
            <param index="0">
              <value>
                <![CDATA[Chrome]]>
              </value>
            </param>
          </params>
          <reporter-output>
          </reporter-output>
        </test-method> <!-- setup -->
        <test-method signature="EditMyAccount()[pri:0, instance:openCartTestCases.TC_004_EditMyAccount_Test@3cdf2c61]" started-at="2026-09-16T10:01:05 IST" name="EditMyAccount" finished-at="2026-09-16T10:01:10 IST" duration-ms="4758" status="PASS">
          <reporter-output>
          </reporter-output>
        </test-method> <!-- EditMyAccount -->
        <test-method is-config="true" signature="tearDown()[pri:0, instance:openCartTestCases.TC_004_EditMyAccount_Test@3cdf2c61]" started-at="2026-09-16T10:01:10 IST" name="tearDown" finished-at="2026-09-16T10:01:10 IST" duration-ms="246" status="PASS">
          <reporter-output>
          </reporter-output>
        </test-method> <!-- tearDown -->
      </class> <!-- openCartTestCases.TC_004_EditMyAccount_Test -->
      <class name="openCartTestCases.TC_005_ChangeAccountPassword_Test">
        <test-method is-config="true" signature="setup(java.lang.String)[pri:0, instance:openCartTestCases.TC_005_ChangeAccountPassword_Test@13ad5cd3]" started-at="2026-09-16T10:01:10 IST" name="setup" finished-at="2026-09-16T10:01:14 IST" duration-ms="3574" status="PASS">
          <params>
            <param index="0">
              <value>
                <![CDATA[Chrome]]>
              </value>
            </param>
          </params>
          <reporter-output>
          </reporter-output>
        </test-method> <!-- setup -->
        <test-method signature="ChangeAccountPassword()[pri:0, instance:openCartTestCases.TC_005_ChangeAccountPassword_Test@13ad5cd3]" started-at="2026-09-16T10:01:14 IST" name="ChangeAccountPassword" finished-at="2026-09-16T10:01:19 IST" duration-ms="5297" status="PASS">
          <reporter-output>
          </reporter-output>
        </test-method> <!-- ChangeAccountPassword -->
        <test-method is-config="true" signature="tearDown()[pri:0, instance:openCartTestCases.TC_005_ChangeAccountPassword_Test@13ad5cd3]" started-at="2026-09-16T10:01:19 IST" name="tearDown" finished-at="2026-09-16T10:01:19 IST" duration-ms="239" status="PASS">
          <reporter-output>
          </reporter-output>
        </test-method> <!-- tearDown -->
      </class> <!-- openCartTestCases.TC_005_ChangeAccountPassword_Test -->
      <class name="openCartTestCases.TC_001_AccountRegistrationTest">
        <test-method is-config="true" signature="setup(java.lang.String)[pri:0, instance:openCartTestCases.TC_001_AccountRegistrationTest@1603cd68]" started-at="2026-09-16T10:00:29 IST" name="setup" finished-at="2026-09-16T10:00:32 IST" duration-ms="3533" status="PASS">
          <params>
            <param index="0">
              <value>
                <![CDATA[Chrome]]>
              </value>
            </param>
          </params>
          <reporter-output>
          </reporter-output>
        </test-method> <!-- setup -->
        <test-method signature="verify_account_registration()[pri:0, instance:openCartTestCases.TC_001_AccountRegistrationTest@1603cd68]" started-at="2026-09-16T10:00:32 IST" name="verify_account_registration" finished-at="2026-09-16T10:00:35 IST" duration-ms="2864" status="PASS">
          <reporter-output>
          </reporter-output>
        </test-method> <!-- verify_account_registration -->
        <test-method is-config="true" signature="tearDown()[pri:0, instance:openCartTestCases.TC_001_AccountRegistrationTest@1603cd68]" started-at="2026-09-16T10:00:35 IST" name="tearDown" finished-at="2026-09-16T10:00:35 IST" duration-ms="211" status="PASS">
          <reporter-output>
          </reporter-output>
        </test-method> <!-- tearDown -->
      </class> <!-- openCartTestCases.TC_001_AccountRegistrationTest -->
      <class name="openCartTestCases.TC_002_LoginTest">
        <test-method is-config="true" signature="setup(java.lang.String)[pri:0, instance:openCartTestCases.TC_002_LoginTest@332796d3]" started-at="2026-09-16T10:00:35 IST" name="setup" finished-at="2026-09-16T10:00:37 IST" duration-ms="1754" status="PASS">
          <params>
            <param index="0">
              <value>
                <![CDATA[Chrome]]>
              </value>
            </param>
          </params>
          <reporter-output>
          </reporter-output>
        </test-method> <!-- setup -->
        <test-method signature="verify_Login()[pri:0, instance:openCartTestCases.TC_002_LoginTest@332796d3]" started-at="2026-09-16T10:00:37 IST" name="verify_Login" finished-at="2026-09-16T10:00:40 IST" duration-ms="3241" status="PASS">
          <reporter-output>
          </reporter-output>
        </test-method> <!-- verify_Login -->
        <test-method is-config="true" signature="tearDown()[pri:0, instance:openCartTestCases.TC_002_LoginTest@332796d3]" started-at="2026-09-16T10:00:40 IST" name="tearDown" finished-at="2026-09-16T10:00:40 IST" duration-ms="189" status="PASS">
          <reporter-output>
          </reporter-output>
        </test-method> <!-- tearDown -->
      </class> <!-- openCartTestCases.TC_002_LoginTest -->
      <class name="openCartTestCases.TC_006_Add_Address_Test">
        <test-method is-config="true" signature="setup(java.lang.String)[pri:0, instance:openCartTestCases.TC_006_Add_Address_Test@1c33c17b]" started-at="2026-09-16T10:01:19 IST" name="setup" finished-at="2026-09-16T10:01:22 IST" duration-ms="3100" status="PASS">
          <params>
            <param index="0">
              <value>
                <![CDATA[Chrome]]>
              </value>
            </param>
          </params>
          <reporter-output>
          </reporter-output>
        </test-method> <!-- setup -->
        <test-method signature="Add_Address()[pri:0, instance:openCartTestCases.TC_006_Add_Address_Test@1c33c17b]" started-at="2026-09-16T10:01:22 IST" name="Add_Address" finished-at="2026-09-16T10:01:26 IST" duration-ms="3827" status="PASS">
          <reporter-output>
          </reporter-output>
        </test-method> <!-- Add_Address -->
        <test-method is-config="true" signature="tearDown()[pri:0, instance:openCartTestCases.TC_006_Add_Address_Test@1c33c17b]" started-at="2026-09-16T10:01:26 IST" name="tearDown" finished-at="2026-09-16T10:01:26 IST" duration-ms="268" status="PASS">
          <reporter-output>
          </reporter-output>
        </test-method> <!-- tearDown -->
      </class> <!-- openCartTestCases.TC_006_Add_Address_Test -->
      <class name="openCartTestCases.TC_007_Edit_Address_Test">
        <test-method is-config="true" signature="setup(java.lang.String)[pri:0, instance:openCartTestCases.TC_007_Edit_Address_Test@5bf0fe62]" started-at="2026-09-16T10:01:26 IST" name="setup" finished-at="2026-09-16T10:01:30 IST" duration-ms="3084" status="PASS">
          <params>
            <param index="0">
              <value>
                <![CDATA[Chrome]]>
              </value>
            </param>
          </params>
          <reporter-output>
          </reporter-output>
        </test-method> <!-- setup -->
        <test-method signature="Edit_Address()[pri:0, instance:openCartTestCases.TC_007_Edit_Address_Test@5bf0fe62]" started-at="2026-09-16T10:01:30 IST" name="Edit_Address" finished-at="2026-09-16T10:01:56 IST" duration-ms="25990" status="PASS">
          <reporter-output>
          </reporter-output>
        </test-method> <!-- Edit_Address -->
        <test-method is-config="true" signature="tearDown()[pri:0, instance:openCartTestCases.TC_007_Edit_Address_Test@5bf0fe62]" started-at="2026-09-16T10:01:56 IST" name="tearDown" finished-at="2026-09-16T10:01:56 IST" duration-ms="264" status="PASS">
          <reporter-output>
          </reporter-output>
        </test-method> <!-- tearDown -->
      </class> <!-- openCartTestCases.TC_007_Edit_Address_Test -->
      <class name="openCartTestCases.TC_003_LoginDataDrivenTest">
        <test-method is-config="true" signature="setup(java.lang.String)[pri:0, instance:openCartTestCases.TC_003_LoginDataDrivenTest@4f0100a7]" started-at="2026-09-16T10:00:40 IST" name="setup" finished-at="2026-09-16T10:00:43 IST" duration-ms="2308" status="PASS">
          <params>
            <param index="0">
              <value>
                <![CDATA[Chrome]]>
              </value>
            </param>
          </params>
          <reporter-output>
          </reporter-output>
        </test-method> <!-- setup -->
        <test-method signature="verify_Login_TDD(java.lang.String,java.lang.String,java.lang.String)[pri:0, instance:openCartTestCases.TC_003_LoginDataDrivenTest@4f0100a7]" started-at="2026-09-16T10:00:44 IST" name="verify_Login_TDD" data-provider="LoginData" finished-at="2026-09-16T10:00:46 IST" duration-ms="2629" status="PASS">
          <params>
            <param index="0">
              <value>
                <![CDATA[maverickdoe001+opencart1@gmail.com]]>
              </value>
            </param>
            <param index="1">
              <value>
                <![CDATA[google@12345]]>
              </value>
            </param>
            <param index="2">
              <value>
                <![CDATA[Valid]]>
              </value>
            </param>
          </params>
          <reporter-output>
          </reporter-output>
        </test-method> <!-- verify_Login_TDD -->
        <test-method signature="verify_Login_TDD(java.lang.String,java.lang.String,java.lang.String)[pri:0, instance:openCartTestCases.TC_003_LoginDataDrivenTest@4f0100a7]" started-at="2026-09-16T10:00:46 IST" name="verify_Login_TDD" data-provider="LoginData" finished-at="2026-09-16T10:00:57 IST" duration-ms="10417" status="FAIL">
          <params>
            <param index="0">
              <value>
                <![CDATA[abcd@xyz.com]]>
              </value>
            </param>
            <param index="1">
              <value>
                <![CDATA[google@123]]>
              </value>
            </param>
            <param index="2">
              <value>
                <![CDATA[Invalid]]>
              </value>
            </param>
          </params>
          <exception class="java.lang.AssertionError">
            <message>
              <![CDATA[expected [true] but found [false]]]>
            </message>
            <full-stacktrace>
              <![CDATA[java.lang.AssertionError: expected [true] but found [false]
at org.testng.Assert.fail(Assert.java:111)
at org.testng.Assert.failNotEquals(Assert.java:1590)
at org.testng.Assert.assertTrue(Assert.java:57)
at org.testng.Assert.assertTrue(Assert.java:67)
at openCartTestCases.TC_003_LoginDataDrivenTest.verify_Login_TDD(TC_003_LoginDataDrivenTest.java:31)
at java.base/jdk.internal.reflect.DirectMethodHandleAccessor.invoke(DirectMethodHandleAccessor.java:103)
at java.base/java.lang.reflect.Method.invoke(Method.java:580)
at org.testng.internal.invokers.MethodInvocationHelper.invokeMethod(MethodInvocationHelper.java:141)
at org.testng.internal.invokers.TestInvoker.invokeMethod(TestInvoker.java:697)
at org.testng.internal.invokers.TestInvoker.invokeTestMethod(TestInvoker.java:230)
at org.testng.internal.invokers.MethodRunner.runInSequence(MethodRunner.java:63)
at org.testng.internal.invokers.TestInvoker$MethodInvocationAgent.invoke(TestInvoker.java:1005)
at org.testng.internal.invokers.TestInvoker.invokeTestMethods(TestInvoker.java:203)
at org.testng.internal.invokers.TestMethodWorker.invokeTestMethods(TestMethodWorker.java:154)
at org.testng.internal.invokers.TestMethodWorker.run(TestMethodWorker.java:134)
at java.base/java.util.ArrayList.forEach(ArrayList.java:1596)
at org.testng.TestRunner.privateRun(TestRunner.java:744)
at org.testng.TestRunner.run(TestRunner.java:616)
at org.testng.SuiteRunner.runTest(SuiteRunner.java:421)
at org.testng.SuiteRunner.runSequentially(SuiteRunner.java:413)
at org.testng.SuiteRunner.privateRun(SuiteRunner.java:373)
at org.testng.SuiteRunner.run(SuiteRunner.java:312)
at org.testng.SuiteRunnerWorker.runSuite(SuiteRunnerWorker.java:52)
at org.testng.SuiteRunnerWorker.run(SuiteRunnerWorker.java:95)
at org.testng.TestNG.runSuitesSequentially(TestNG.java:1274)
at org.testng.TestNG.runSuitesLocally(TestNG.java:1208)
at org.testng.TestNG.runSuites(TestNG.java:1112)
at org.testng.TestNG.run(TestNG.java:1079)
at org.apache.maven.surefire.testng.TestNGExecutor.run(TestNGExecutor.java:308)
at org.apache.maven.surefire.testng.TestNGXmlTestSuite.execute(TestNGXmlTestSuite.java:71)
at org.apache.maven.surefire.testng.TestNGProvider.invoke(TestNGProvider.java:113)
at org.apache.maven.surefire.booter.ForkedBooter.runSuitesInProcess(ForkedBooter.java:385)
at org.apache.maven.surefire.booter.ForkedBooter.execute(ForkedBooter.java:162)
at org.apache.maven.surefire.booter.ForkedBooter.run(ForkedBooter.java:507)
at org.apache.maven.surefire.booter.ForkedBooter.main(ForkedBooter.java:495)
]]>
            </full-stacktrace>
          </exception> <!-- java.lang.AssertionError -->
          <reporter-output>
          </reporter-output>
        </test-method> <!-- verify_Login_TDD -->
        <test-method signature="verify_Login_TDD(java.lang.String,java.lang.String,java.lang.String)[pri:0, instance:openCartTestCases.TC_003_LoginDataDrivenTest@4f0100a7]" started-at="2026-09-16T10:00:57 IST" name="verify_Login_TDD" data-provider="LoginData" finished-at="2026-09-16T10:01:00 IST" duration-ms="3112" status="PASS">
          <params>
            <param index="0">
              <value>
                <![CDATA[maverickdoe001+opencart1@gmail.com]]>
              </value>
            </param>
            <param index="1">
              <value>
                <![CDATA[google@12345]]>
              </value>
            </param>
            <param index="2">
              <value>
                <![CDATA[Valid]]>
              </value>
            </param>
          </params>
          <reporter-output>
          </reporter-output>
        </test-method> <!-- verify_Login_TDD -->
        <test-method is-config="true" signature="tearDown()[pri:0, instance:openCartTestCases.TC_003_LoginDataDrivenTest@4f0100a7]" started-at="2026-09-16T10:01:00 IST" name="tearDown" finished-at="2026-09-16T10:01:00 IST" duration-ms="289" status="PASS">
          <reporter-output>
          </reporter-output>
        </test-method> <!-- tearDown -->
      </class> <!-- openCartTestCases.TC_003_LoginDataDrivenTest -->
    </test> <!-- Open Cart E2E -->
  </suite> <!-- Master Suite -->
</testng-results>
